<?xml version="1.0" encoding="UTF-8" ?>
<testsuite tests="1" failures="0" name="com.lgu.ccss.common.trace.TraceTest" time="0.005" errors="0" skipped="1">
  <properties>
[...]
</properties>
  <testcase classname="com.lgu.ccss.common.trace.TraceTest" name="testTrace" time="0.005">
    <skipped/>
    <system-out>Thread finished : Worker1 {CLIENT_IP=CLIENT_IP value, DEV_INFO=DEV_INFO value, RESULT_CODE=RESULT_CODE value, DEV_MODEL=DEV_MODEL value, MAP_BM_RES_TIME=MAP_BM_RES_TIME value, SMS_REQ_TIME=SMS_REQ_TIME value, CARRIER_TYPE=CARRIER_TYPE value, CLIENT_ID=CLIENT_ID value, LOG_TYPE=LOG_TYPE value, PUSH_REQ_TIME=PUSH_REQ_TIME value, MAP_AM_REQ_TIME=MAP_AM_REQ_TIME value, NW_INFO=NW_INFO value, SVC_CLASS=SVC_CLASS value, OS_INFO=OS_INFO value, PUSH_RES_TIME=PUSH_RES_TIME value, DEVICE_TYPE=DEVICE_TYPE value, REQ_TIME=REQ_TIME value, SVC_NAME=SVC_NAME value, NCAS_RES_TIME=NCAS_RES_TIME value, CARPUSH_REQ_TIME=CARPUSH_REQ_TIME value, SID=Worker1, KMC_RES_TIME=KMC_RES_TIME value, CAR_OEM=CAR_OEM value, MAP_AM_RES_TIME=MAP_AM_RES_TIME value, RSP_TIME=RSP_TIME value, KMC_REQ_TIME=KMC_REQ_TIME value, MAP_BM_REQ_TIME=MAP_BM_REQ_TIME value, SMS_RES_TIME=SMS_RES_TIME value, SESSION_ID=SESSION_ID value, APP_TYPE=APP_TYPE value, CARPUSH_RES_TIME=CARPUSH_RES_TIME value, NCAS_REQ_TIME=NCAS_REQ_TIME value}
Thread finished : Worker3 {CLIENT_IP=CLIENT_IP value, DEV_INFO=DEV_INFO value, RESULT_CODE=RESULT_CODE value, DEV_MODEL=DEV_MODEL value, MAP_BM_RES_TIME=MAP_BM_RES_TIME value, SMS_REQ_TIME=SMS_REQ_TIME value, CARRIER_TYPE=CARRIER_TYPE value, CLIENT_ID=CLIENT_ID value, LOG_TYPE=LOG_TYPE value, PUSH_REQ_TIME=PUSH_REQ_TIME value, MAP_AM_REQ_TIME=MAP_AM_REQ_TIME value, NW_INFO=NW_INFO value, SVC_CLASS=SVC_CLASS value, OS_INFO=OS_INFO value, PUSH_RES_TIME=PUSH_RES_TIME value, DEVICE_TYPE=DEVICE_TYPE value, REQ_TIME=REQ_TIME value, SVC_NAME=SVC_NAME value, NCAS_RES_TIME=NCAS_RES_TIME value, CARPUSH_REQ_TIME=CARPUSH_REQ_TIME value, SID=Worker3, KMC_RES_TIME=KMC_RES_TIME value, CAR_OEM=CAR_OEM value, MAP_AM_RES_TIME=MAP_AM_RES_TIME value, RSP_TIME=RSP_TIME value, KMC_REQ_TIME=KMC_REQ_TIME value, MAP_BM_REQ_TIME=MAP_BM_REQ_TIME value, SMS_RES_TIME=SMS_RES_TIME value, SESSION_ID=SESSION_ID value, APP_TYPE=APP_TYPE value, CARPUSH_RES_TIME=CARPUSH_RES_TIME value, NCAS_REQ_TIME=NCAS_REQ_TIME value}
Thread finished : Worker5 {CLIENT_IP=CLIENT_IP value, DEV_INFO=DEV_INFO value, RESULT_CODE=RESULT_CODE value, DEV_MODEL=DEV_MODEL value, MAP_BM_RES_TIME=MAP_BM_RES_TIME value, SMS_REQ_TIME=SMS_REQ_TIME value, CARRIER_TYPE=CARRIER_TYPE value, CLIENT_ID=CLIENT_ID value, LOG_TYPE=LOG_TYPE value, PUSH_REQ_TIME=PUSH_REQ_TIME value, MAP_AM_REQ_TIME=MAP_AM_REQ_TIME value, NW_INFO=NW_INFO value, SVC_CLASS=SVC_CLASS value, OS_INFO=OS_INFO value, PUSH_RES_TIME=PUSH_RES_TIME value, DEVICE_TYPE=DEVICE_TYPE value, REQ_TIME=REQ_TIME value, SVC_NAME=SVC_NAME value, NCAS_RES_TIME=NCAS_RES_TIME value, CARPUSH_REQ_TIME=CARPUSH_REQ_TIME value, SID=Worker5, KMC_RES_TIME=KMC_RES_TIME value, CAR_OEM=CAR_OEM value, MAP_AM_RES_TIME=MAP_AM_RES_TIME value, RSP_TIME=RSP_TIME value, KMC_REQ_TIME=KMC_REQ_TIME value, MAP_BM_REQ_TIME=MAP_BM_REQ_TIME value, SMS_RES_TIME=SMS_RES_TIME value, SESSION_ID=SESSION_ID value, APP_TYPE=APP_TYPE value, CARPUSH_RES_TIME=CARPUSH_RES_TIME value, NCAS_REQ_TIME=NCAS_REQ_TIME value}
Thread finished : Worker9 {CLIENT_IP=CLIENT_IP value, DEV_INFO=DEV_INFO value, RESULT_CODE=RESULT_CODE value, DEV_MODEL=DEV_MODEL value, MAP_BM_RES_TIME=MAP_BM_RES_TIME value, SMS_REQ_TIME=SMS_REQ_TIME value, CARRIER_TYPE=CARRIER_TYPE value, CLIENT_ID=CLIENT_ID value, LOG_TYPE=LOG_TYPE value, PUSH_REQ_TIME=PUSH_REQ_TIME value, MAP_AM_REQ_TIME=MAP_AM_REQ_TIME value, NW_INFO=NW_INFO value, SVC_CLASS=SVC_CLASS value, OS_INFO=OS_INFO value, PUSH_RES_TIME=PUSH_RES_TIME value, DEVICE_TYPE=DEVICE_TYPE value, REQ_TIME=REQ_TIME value, SVC_NAME=SVC_NAME value, NCAS_RES_TIME=NCAS_RES_TIME value, CARPUSH_REQ_TIME=CARPUSH_REQ_TIME value, SID=Worker9, KMC_RES_TIME=KMC_RES_TIME value, CAR_OEM=CAR_OEM value, MAP_AM_RES_TIME=MAP_AM_RES_TIME value, RSP_TIME=RSP_TIME value, KMC_REQ_TIME=KMC_REQ_TIME value, MAP_BM_REQ_TIME=MAP_BM_REQ_TIME value, SMS_RES_TIME=SMS_RES_TIME value, SESSION_ID=SESSION_ID value, APP_TYPE=APP_TYPE value, CARPUSH_RES_TIME=CARPUSH_RES_TIME value, NCAS_REQ_TIME=NCAS_REQ_TIME value}
Thread finished : Worker7 {CLIENT_IP=CLIENT_IP value, DEV_INFO=DEV_INFO value, RESULT_CODE=RESULT_CODE value, DEV_MODEL=DEV_MODEL value, MAP_BM_RES_TIME=MAP_BM_RES_TIME value, SMS_REQ_TIME=SMS_REQ_TIME value, CARRIER_TYPE=CARRIER_TYPE value, CLIENT_ID=CLIENT_ID value, LOG_TYPE=LOG_TYPE value, PUSH_REQ_TIME=PUSH_REQ_TIME value, MAP_AM_REQ_TIME=MAP_AM_REQ_TIME value, NW_INFO=NW_INFO value, SVC_CLASS=SVC_CLASS value, OS_INFO=OS_INFO value, PUSH_RES_TIME=PUSH_RES_TIME value, DEVICE_TYPE=DEVICE_TYPE value, REQ_TIME=REQ_TIME value, SVC_NAME=SVC_NAME value, NCAS_RES_TIME=NCAS_RES_TIME value, CARPUSH_REQ_TIME=CARPUSH_REQ_TIME value, SID=Worker7, KMC_RES_TIME=KMC_RES_TIME value, CAR_OEM=CAR_OEM value, MAP_AM_RES_TIME=MAP_AM_RES_TIME value, RSP_TIME=RSP_TIME value, KMC_REQ_TIME=KMC_REQ_TIME value, MAP_BM_REQ_TIME=MAP_BM_REQ_TIME value, SMS_RES_TIME=SMS_RES_TIME value, SESSION_ID=SESSION_ID value, APP_TYPE=APP_TYPE value, CARPUSH_RES_TIME=CARPUSH_RES_TIME value, NCAS_REQ_TIME=NCAS_REQ_TIME value}
</system-out>
  </testcase>
</testsuite>